<?xml version="1.0" encoding="UTF-8"?>
<testng-results ignored="0" total="1" passed="1" failed="0" skipped="0">
  <reporter-output>
  </reporter-output>
  <suite started-at="2024-07-16T17:03:27 IST" name="Default suite" finished-at="2024-07-16T17:03:51 IST" duration-ms="23958">
    <groups>
    </groups>
    <test started-at="2024-07-16T17:03:27 IST" name="Default test" finished-at="2024-07-16T17:03:51 IST" duration-ms="23958">
      <class name="testPackage.TC02_VerifyLoginPage">
        <test-method is-config="true" signature="setup()[pri:0, instance:testPackage.TC02_VerifyLoginPage@235ecd9f]" started-at="2024-07-16T17:03:27 IST" name="setup" finished-at="2024-07-16T17:03:37 IST" duration-ms="9780" status="PASS">
          <reporter-output>
          </reporter-output>
        </test-method> <!-- setup -->
        <test-method signature="verifyLoginPage()[pri:0, instance:testPackage.TC02_VerifyLoginPage@235ecd9f]" started-at="2024-07-16T17:03:37 IST" name="verifyLoginPage" finished-at="2024-07-16T17:03:51 IST" duration-ms="13760" status="PASS">
          <reporter-output>
          </reporter-output>
        </test-method> <!-- verifyLoginPage -->
        <test-method is-config="true" signature="tearDown()[pri:0, instance:testPackage.TC02_VerifyLoginPage@235ecd9f]" started-at="2024-07-16T17:03:51 IST" name="tearDown" finished-at="2024-07-16T17:03:51 IST" duration-ms="364" status="PASS">
          <reporter-output>
          </reporter-output>
        </test-method> <!-- tearDown -->
      </class> <!-- testPackage.TC02_VerifyLoginPage -->
    </test> <!-- Default test -->
  </suite> <!-- Default suite -->
</testng-results>
