<?xml version="1.0" encoding="UTF-8"?>
<testng-results ignored="0" total="1" passed="1" failed="0" skipped="0">
  <reporter-output>
  </reporter-output>
  <suite started-at="2024-07-16T15:20:47 IST" name="Default suite" finished-at="2024-07-16T15:21:17 IST" duration-ms="30622">
    <groups>
    </groups>
    <test started-at="2024-07-16T15:20:47 IST" name="Default test" finished-at="2024-07-16T15:21:17 IST" duration-ms="30622">
      <class name="testPackage.TC01_VerifyRegisterPage">
        <test-method is-config="true" signature="setup()[pri:0, instance:testPackage.TC01_VerifyRegisterPage@4d154ccd]" started-at="2024-07-16T15:20:47 IST" name="setup" finished-at="2024-07-16T15:20:52 IST" duration-ms="5060" status="PASS">
          <reporter-output>
          </reporter-output>
        </test-method> <!-- setup -->
        <test-method signature="verifyRegisterPage()[pri:0, instance:testPackage.TC01_VerifyRegisterPage@4d154ccd]" started-at="2024-07-16T15:20:52 IST" name="verifyRegisterPage" finished-at="2024-07-16T15:21:17 IST" duration-ms="25134" status="PASS">
          <reporter-output>
          </reporter-output>
        </test-method> <!-- verifyRegisterPage -->
        <test-method is-config="true" signature="tearDown()[pri:0, instance:testPackage.TC01_VerifyRegisterPage@4d154ccd]" started-at="2024-07-16T15:21:17 IST" name="tearDown" finished-at="2024-07-16T15:21:17 IST" duration-ms="373" status="PASS">
          <reporter-output>
          </reporter-output>
        </test-method> <!-- tearDown -->
      </class> <!-- testPackage.TC01_VerifyRegisterPage -->
    </test> <!-- Default test -->
  </suite> <!-- Default suite -->
</testng-results>
